[[1;34mINFO[m] Scanning for projects...
[[1;34mINFO[m] 
[[1;34mINFO[m] [1m-----------------< [0;36mcom.microservices:catalog-service[0;1m >------------------[m
[[1;34mINFO[m] [1mBuilding Catalog Service 1.0.0[m
[[1;34mINFO[m] [1m--------------------------------[ jar ]---------------------------------[m
[[1;34mINFO[m] 
[[1;34mINFO[m] [1m>>> [0;32mspring-boot-maven-plugin:3.2.0:run[m [1m(default-cli)[0;1m > [0;1mtest-compile[m @ [36mcatalog-service[0;1m >>>[m
[[1;34mINFO[m] 
[[1;34mINFO[m] [1m--- [0;32mmaven-resources-plugin:3.3.1:resources[m [1m(default-resources)[m @ [36mcatalog-service[0;1m ---[m
[[1;34mINFO[m] Copying 1 resource from src/main/resources to target/classes
[[1;34mINFO[m] Copying 1 resource from src/main/resources to target/classes
[[1;34mINFO[m] 
[[1;34mINFO[m] [1m--- [0;32mmaven-compiler-plugin:3.11.0:compile[m [1m(default-compile)[m @ [36mcatalog-service[0;1m ---[m
[[1;34mINFO[m] Nothing to compile - all classes are up to date
[[1;34mINFO[m] 
[[1;34mINFO[m] [1m--- [0;32mmaven-resources-plugin:3.3.1:testResources[m [1m(default-testResources)[m @ [36mcatalog-service[0;1m ---[m
[[1;34mINFO[m] skip non existing resourceDirectory /home/alex/Documents/apuntes_extra/microServices/catalog-service/src/test/resources
[[1;34mINFO[m] 
[[1;34mINFO[m] [1m--- [0;32mmaven-compiler-plugin:3.11.0:testCompile[m [1m(default-testCompile)[m @ [36mcatalog-service[0;1m ---[m
[[1;34mINFO[m] No sources to compile
[[1;34mINFO[m] 
[[1;34mINFO[m] [1m<<< [0;32mspring-boot-maven-plugin:3.2.0:run[m [1m(default-cli)[0;1m < [0;1mtest-compile[m @ [36mcatalog-service[0;1m <<<[m
[[1;34mINFO[m] 
[[1;34mINFO[m] 
[[1;34mINFO[m] [1m--- [0;32mspring-boot-maven-plugin:3.2.0:run[m [1m(default-cli)[m @ [36mcatalog-service[0;1m ---[m
[[1;34mINFO[m] Attaching agents: []

  .   ____          _            __ _ _
 /\\ / ___'_ __ _ _(_)_ __  __ _ \ \ \ \
( ( )\___ | '_ | '_| | '_ \/ _` | \ \ \ \
 \\/  ___)| |_)| | | | | || (_| |  ) ) ) )
  '  |____| .__|_| |_|_| |_\__, | / / / /
 =========|_|==============|___/=/_/_/_/
 :: Spring Boot ::                (v3.2.0)

2025-12-11T20:54:47.972+01:00  INFO 32086 --- [catalog-service] [           main] c.m.catalog.CatalogServiceApplication    : Starting CatalogServiceApplication using Java 17.0.15 with PID 32086 (/home/alex/Documents/apuntes_extra/microServices/catalog-service/target/classes started by alex in /home/alex/Documents/apuntes_extra/microServices/catalog-service)
2025-12-11T20:54:47.973+01:00 DEBUG 32086 --- [catalog-service] [           main] c.m.catalog.CatalogServiceApplication    : Running with Spring Boot v3.2.0, Spring v6.1.1
2025-12-11T20:54:47.974+01:00  INFO 32086 --- [catalog-service] [           main] c.m.catalog.CatalogServiceApplication    : No active profile set, falling back to 1 default profile: "default"
2025-12-11T20:54:48.340+01:00  INFO 32086 --- [catalog-service] [           main] .s.d.r.c.RepositoryConfigurationDelegate : Bootstrapping Spring Data JPA repositories in DEFAULT mode.
2025-12-11T20:54:48.396+01:00  INFO 32086 --- [catalog-service] [           main] .s.d.r.c.RepositoryConfigurationDelegate : Finished Spring Data repository scanning in 53 ms. Found 1 JPA repository interface.
2025-12-11T20:54:48.490+01:00  INFO 32086 --- [catalog-service] [           main] o.s.cloud.context.scope.GenericScope     : BeanFactory id=16c0669b-3ca9-3887-bb63-89b61627b09f
2025-12-11T20:54:48.621+01:00  WARN 32086 --- [catalog-service] [           main] trationDelegate$BeanPostProcessorChecker : Bean 'org.springframework.cloud.client.loadbalancer.LoadBalancerAutoConfiguration$LoadBalancerInterceptorConfig' of type [org.springframework.cloud.client.loadbalancer.LoadBalancerAutoConfiguration$LoadBalancerInterceptorConfig] is not eligible for getting processed by all BeanPostProcessors (for example: not eligible for auto-proxying). The currently created BeanPostProcessor [lbRestClientPostProcessor] is declared through a non-static factory method on that class; consider declaring it as static instead.
2025-12-11T20:54:48.623+01:00  WARN 32086 --- [catalog-service] [           main] trationDelegate$BeanPostProcessorChecker : Bean 'org.springframework.cloud.loadbalancer.config.BlockingLoadBalancerClientAutoConfiguration' of type [org.springframework.cloud.loadbalancer.config.BlockingLoadBalancerClientAutoConfiguration] is not eligible for getting processed by all BeanPostProcessors (for example: not eligible for auto-proxying). Is this bean getting eagerly injected into a currently created BeanPostProcessor [lbRestClientPostProcessor]? Check the corresponding BeanPostProcessor declaration and its dependencies.
2025-12-11T20:54:48.624+01:00  WARN 32086 --- [catalog-service] [           main] trationDelegate$BeanPostProcessorChecker : Bean 'org.springframework.cloud.loadbalancer.config.LoadBalancerAutoConfiguration' of type [org.springframework.cloud.loadbalancer.config.LoadBalancerAutoConfiguration] is not eligible for getting processed by all BeanPostProcessors (for example: not eligible for auto-proxying). Is this bean getting eagerly injected into a currently created BeanPostProcessor [lbRestClientPostProcessor]? Check the corresponding BeanPostProcessor declaration and its dependencies.
2025-12-11T20:54:48.628+01:00  WARN 32086 --- [catalog-service] [           main] trationDelegate$BeanPostProcessorChecker : Bean 'org.springframework.cloud.commons.config.CommonsConfigAutoConfiguration' of type [org.springframework.cloud.commons.config.CommonsConfigAutoConfiguration] is not eligible for getting processed by all BeanPostProcessors (for example: not eligible for auto-proxying). Is this bean getting eagerly injected into a currently created BeanPostProcessor [lbRestClientPostProcessor]? Check the corresponding BeanPostProcessor declaration and its dependencies.
2025-12-11T20:54:48.629+01:00  WARN 32086 --- [catalog-service] [           main] trationDelegate$BeanPostProcessorChecker : Bean 'org.springframework.cloud.client.loadbalancer.LoadBalancerDefaultMappingsProviderAutoConfiguration' of type [org.springframework.cloud.client.loadbalancer.LoadBalancerDefaultMappingsProviderAutoConfiguration] is not eligible for getting processed by all BeanPostProcessors (for example: not eligible for auto-proxying). Is this bean getting eagerly injected into a currently created BeanPostProcessor [lbRestClientPostProcessor]? Check the corresponding BeanPostProcessor declaration and its dependencies.
2025-12-11T20:54:48.630+01:00  WARN 32086 --- [catalog-service] [           main] trationDelegate$BeanPostProcessorChecker : Bean 'loadBalancerClientsDefaultsMappingsProvider' of type [org.springframework.cloud.client.loadbalancer.LoadBalancerDefaultMappingsProviderAutoConfiguration$$Lambda$601/0x00007f9b1448d808] is not eligible for getting processed by all BeanPostProcessors (for example: not eligible for auto-proxying). Is this bean getting eagerly injected into a currently created BeanPostProcessor [lbRestClientPostProcessor]? Check the corresponding BeanPostProcessor declaration and its dependencies.
2025-12-11T20:54:48.631+01:00  WARN 32086 --- [catalog-service] [           main] trationDelegate$BeanPostProcessorChecker : Bean 'defaultsBindHandlerAdvisor' of type [org.springframework.cloud.commons.config.DefaultsBindHandlerAdvisor] is not eligible for getting processed by all BeanPostProcessors (for example: not eligible for auto-proxying). Is this bean getting eagerly injected into a currently created BeanPostProcessor [lbRestClientPostProcessor]? Check the corresponding BeanPostProcessor declaration and its dependencies.
2025-12-11T20:54:48.635+01:00  WARN 32086 --- [catalog-service] [           main] trationDelegate$BeanPostProcessorChecker : Bean 'spring.cloud.loadbalancer-org.springframework.cloud.client.loadbalancer.LoadBalancerClientsProperties' of type [org.springframework.cloud.client.loadbalancer.LoadBalancerClientsProperties] is not eligible for getting processed by all BeanPostProcessors (for example: not eligible for auto-proxying). Is this bean getting eagerly injected into a currently created BeanPostProcessor [lbRestClientPostProcessor]? Check the corresponding BeanPostProcessor declaration and its dependencies.
2025-12-11T20:54:48.638+01:00  WARN 32086 --- [catalog-service] [           main] trationDelegate$BeanPostProcessorChecker : Bean 'default.org.springframework.cloud.loadbalancer.config.LoadBalancerAutoConfiguration.LoadBalancerClientSpecification' of type [org.springframework.cloud.loadbalancer.annotation.LoadBalancerClientSpecification] is not eligible for getting processed by all BeanPostProcessors (for example: not eligible for auto-proxying). Is this bean getting eagerly injected into a currently created BeanPostProcessor [lbRestClientPostProcessor]? Check the corresponding BeanPostProcessor declaration and its dependencies.
2025-12-11T20:54:48.640+01:00  WARN 32086 --- [catalog-service] [           main] trationDelegate$BeanPostProcessorChecker : Bean 'default.org.springframework.cloud.loadbalancer.config.BlockingLoadBalancerClientAutoConfiguration.LoadBalancerClientSpecification' of type [org.springframework.cloud.loadbalancer.annotation.LoadBalancerClientSpecification] is not eligible for getting processed by all BeanPostProcessors (for example: not eligible for auto-proxying). Is this bean getting eagerly injected into a currently created BeanPostProcessor [lbRestClientPostProcessor]? Check the corresponding BeanPostProcessor declaration and its dependencies.
2025-12-11T20:54:48.640+01:00  WARN 32086 --- [catalog-service] [           main] trationDelegate$BeanPostProcessorChecker : Bean 'default.org.springframework.cloud.netflix.eureka.loadbalancer.LoadBalancerEurekaAutoConfiguration.LoadBalancerClientSpecification' of type [org.springframework.cloud.loadbalancer.annotation.LoadBalancerClientSpecification] is not eligible for getting processed by all BeanPostProcessors (for example: not eligible for auto-proxying). Is this bean getting eagerly injected into a currently created BeanPostProcessor [lbRestClientPostProcessor]? Check the corresponding BeanPostProcessor declaration and its dependencies.
2025-12-11T20:54:48.641+01:00  WARN 32086 --- [catalog-service] [           main] trationDelegate$BeanPostProcessorChecker : Bean 'loadBalancerClientFactory' of type [org.springframework.cloud.loadbalancer.support.LoadBalancerClientFactory] is not eligible for getting processed by all BeanPostProcessors (for example: not eligible for auto-proxying). Is this bean getting eagerly injected into a currently created BeanPostProcessor [lbRestClientPostProcessor]? Check the corresponding BeanPostProcessor declaration and its dependencies.
2025-12-11T20:54:48.644+01:00  WARN 32086 --- [catalog-service] [           main] trationDelegate$BeanPostProcessorChecker : Bean 'blockingLoadBalancerClient' of type [org.springframework.cloud.loadbalancer.blocking.client.BlockingLoadBalancerClient] is not eligible for getting processed by all BeanPostProcessors (for example: not eligible for auto-proxying). Is this bean getting eagerly injected into a currently created BeanPostProcessor [lbRestClientPostProcessor]? Check the corresponding BeanPostProcessor declaration and its dependencies.
2025-12-11T20:54:48.649+01:00  WARN 32086 --- [catalog-service] [           main] trationDelegate$BeanPostProcessorChecker : Bean 'loadBalancerServiceInstanceCookieTransformer' of type [org.springframework.cloud.loadbalancer.core.LoadBalancerServiceInstanceCookieTransformer] is not eligible for getting processed by all BeanPostProcessors (for example: not eligible for auto-proxying). Is this bean getting eagerly injected into a currently created BeanPostProcessor [lbRestClientPostProcessor]? Check the corresponding BeanPostProcessor declaration and its dependencies.
2025-12-11T20:54:48.650+01:00  WARN 32086 --- [catalog-service] [           main] trationDelegate$BeanPostProcessorChecker : Bean 'xForwarderHeadersTransformer' of type [org.springframework.cloud.loadbalancer.blocking.XForwardedHeadersTransformer] is not eligible for getting processed by all BeanPostProcessors (for example: not eligible for auto-proxying). Is this bean getting eagerly injected into a currently created BeanPostProcessor [lbRestClientPostProcessor]? Check the corresponding BeanPostProcessor declaration and its dependencies.
2025-12-11T20:54:48.650+01:00  WARN 32086 --- [catalog-service] [           main] trationDelegate$BeanPostProcessorChecker : Bean 'org.springframework.cloud.client.loadbalancer.LoadBalancerAutoConfiguration' of type [org.springframework.cloud.client.loadbalancer.LoadBalancerAutoConfiguration] is not eligible for getting processed by all BeanPostProcessors (for example: not eligible for auto-proxying). Is this bean getting eagerly injected into a currently created BeanPostProcessor [lbRestClientPostProcessor]? Check the corresponding BeanPostProcessor declaration and its dependencies.
2025-12-11T20:54:48.651+01:00  WARN 32086 --- [catalog-service] [           main] trationDelegate$BeanPostProcessorChecker : Bean 'loadBalancerRequestFactory' of type [org.springframework.cloud.client.loadbalancer.LoadBalancerRequestFactory] is not eligible for getting processed by all BeanPostProcessors (for example: not eligible for auto-proxying). Is this bean getting eagerly injected into a currently created BeanPostProcessor [lbRestClientPostProcessor]? Check the corresponding BeanPostProcessor declaration and its dependencies.
2025-12-11T20:54:48.652+01:00  WARN 32086 --- [catalog-service] [           main] trationDelegate$BeanPostProcessorChecker : Bean 'loadBalancerInterceptor' of type [org.springframework.cloud.client.loadbalancer.LoadBalancerInterceptor] is not eligible for getting processed by all BeanPostProcessors (for example: not eligible for auto-proxying). Is this bean getting eagerly injected into a currently created BeanPostProcessor [lbRestClientPostProcessor]? Check the corresponding BeanPostProcessor declaration and its dependencies.
2025-12-11T20:54:48.766+01:00  INFO 32086 --- [catalog-service] [           main] o.s.b.w.embedded.tomcat.TomcatWebServer  : Tomcat initialized with port 8081 (http)
2025-12-11T20:54:48.770+01:00  INFO 32086 --- [catalog-service] [           main] o.apache.catalina.core.StandardService   : Starting service [Tomcat]
2025-12-11T20:54:48.770+01:00  INFO 32086 --- [catalog-service] [           main] o.apache.catalina.core.StandardEngine    : Starting Servlet engine: [Apache Tomcat/10.1.16]
2025-12-11T20:54:48.798+01:00  INFO 32086 --- [catalog-service] [           main] o.a.c.c.C.[Tomcat].[localhost].[/]       : Initializing Spring embedded WebApplicationContext
2025-12-11T20:54:48.798+01:00  INFO 32086 --- [catalog-service] [           main] w.s.c.ServletWebServerApplicationContext : Root WebApplicationContext: initialization completed in 806 ms
2025-12-11T20:54:48.868+01:00  INFO 32086 --- [catalog-service] [           main] com.zaxxer.hikari.HikariDataSource       : HikariPool-1 - Starting...
2025-12-11T20:54:48.959+01:00  INFO 32086 --- [catalog-service] [           main] com.zaxxer.hikari.pool.HikariPool        : HikariPool-1 - Added connection conn0: url=jdbc:h2:mem:catalogdb user=SA
2025-12-11T20:54:48.960+01:00  INFO 32086 --- [catalog-service] [           main] com.zaxxer.hikari.HikariDataSource       : HikariPool-1 - Start completed.
2025-12-11T20:54:48.965+01:00  INFO 32086 --- [catalog-service] [           main] o.s.b.a.h2.H2ConsoleAutoConfiguration    : H2 console available at '/h2-console'. Database available at 'jdbc:h2:mem:catalogdb'
2025-12-11T20:54:49.046+01:00  WARN 32086 --- [catalog-service] [           main] ConfigServletWebServerApplicationContext : Exception encountered during context initialization - cancelling refresh attempt: org.springframework.beans.factory.BeanCreationException: Error creating bean with name 'dataSourceScriptDatabaseInitializer' defined in class path resource [org/springframework/boot/autoconfigure/sql/init/DataSourceInitializationConfiguration.class]: Failed to execute SQL script statement #1 of file [/home/alex/Documents/apuntes_extra/microServices/catalog-service/target/classes/data.sql]: INSERT INTO products (name, description, price, stock, category, image_url, active) VALUES ('Laptop Dell XPS 13', 'Ultrabook potente y ligero con pantalla 13.3 pulgadas', 1299.99, 10, 'Electronics', 'https://example.com/laptop.jpg', true), ('iPhone 14 Pro', 'Smartphone premium con cámara profesional', 999.99, 15, 'Electronics', 'https://example.com/iphone.jpg', true), ('Auriculares Sony WH-1000XM4', 'Auriculares inalámbricos con cancelación de ruido', 349.99, 20, 'Electronics', 'https://example.com/headphones.jpg', true), ('Camiseta Nike Dri-FIT', 'Camiseta deportiva de alta calidad', 29.99, 50, 'Clothing', 'https://example.com/tshirt.jpg', true), ('Zapatillas Adidas Ultraboost', 'Zapatillas de running profesionales', 179.99, 30, 'Footwear', 'https://example.com/shoes.jpg', true), ('Libro "Clean Code"', 'Guía esencial para desarrolladores de software', 39.99, 25, 'Books', 'https://example.com/book.jpg', true), ('Cafetera Nespresso', 'Cafetera automática para café espresso', 199.99, 12, 'Home', 'https://example.com/coffee.jpg', true), ('Monitor Samsung 27"', 'Monitor 4K para gaming y productividad', 399.99, 8, 'Electronics', 'https://example.com/monitor.jpg', true), ('Teclado Mecánico Corsair', 'Teclado gaming con switches mecánicos', 149.99, 18, 'Electronics', 'https://example.com/keyboard.jpg', true), ('Mochila de Viaje', 'Mochila resistente para aventuras', 79.99, 35, 'Travel', 'https://example.com/backpack.jpg', true)
2025-12-11T20:54:49.047+01:00  INFO 32086 --- [catalog-service] [           main] com.zaxxer.hikari.HikariDataSource       : HikariPool-1 - Shutdown initiated...
2025-12-11T20:54:49.048+01:00  INFO 32086 --- [catalog-service] [           main] com.zaxxer.hikari.HikariDataSource       : HikariPool-1 - Shutdown completed.
2025-12-11T20:54:49.049+01:00  INFO 32086 --- [catalog-service] [           main] o.apache.catalina.core.StandardService   : Stopping service [Tomcat]
2025-12-11T20:54:49.064+01:00  INFO 32086 --- [catalog-service] [           main] .s.b.a.l.ConditionEvaluationReportLogger : 

Error starting ApplicationContext. To display the condition evaluation report re-run your application with 'debug' enabled.
2025-12-11T20:54:49.072+01:00 ERROR 32086 --- [catalog-service] [           main] o.s.boot.SpringApplication               : Application run failed

org.springframework.beans.factory.BeanCreationException: Error creating bean with name 'dataSourceScriptDatabaseInitializer' defined in class path resource [org/springframework/boot/autoconfigure/sql/init/DataSourceInitializationConfiguration.class]: Failed to execute SQL script statement #1 of file [/home/alex/Documents/apuntes_extra/microServices/catalog-service/target/classes/data.sql]: INSERT INTO products (name, description, price, stock, category, image_url, active) VALUES ('Laptop Dell XPS 13', 'Ultrabook potente y ligero con pantalla 13.3 pulgadas', 1299.99, 10, 'Electronics', 'https://example.com/laptop.jpg', true), ('iPhone 14 Pro', 'Smartphone premium con cámara profesional', 999.99, 15, 'Electronics', 'https://example.com/iphone.jpg', true), ('Auriculares Sony WH-1000XM4', 'Auriculares inalámbricos con cancelación de ruido', 349.99, 20, 'Electronics', 'https://example.com/headphones.jpg', true), ('Camiseta Nike Dri-FIT', 'Camiseta deportiva de alta calidad', 29.99, 50, 'Clothing', 'https://example.com/tshirt.jpg', true), ('Zapatillas Adidas Ultraboost', 'Zapatillas de running profesionales', 179.99, 30, 'Footwear', 'https://example.com/shoes.jpg', true), ('Libro "Clean Code"', 'Guía esencial para desarrolladores de software', 39.99, 25, 'Books', 'https://example.com/book.jpg', true), ('Cafetera Nespresso', 'Cafetera automática para café espresso', 199.99, 12, 'Home', 'https://example.com/coffee.jpg', true), ('Monitor Samsung 27"', 'Monitor 4K para gaming y productividad', 399.99, 8, 'Electronics', 'https://example.com/monitor.jpg', true), ('Teclado Mecánico Corsair', 'Teclado gaming con switches mecánicos', 149.99, 18, 'Electronics', 'https://example.com/keyboard.jpg', true), ('Mochila de Viaje', 'Mochila resistente para aventuras', 79.99, 35, 'Travel', 'https://example.com/backpack.jpg', true)
	at org.springframework.beans.factory.support.AbstractAutowireCapableBeanFactory.initializeBean(AbstractAutowireCapableBeanFactory.java:1775) ~[spring-beans-6.1.1.jar:6.1.1]
	at org.springframework.beans.factory.support.AbstractAutowireCapableBeanFactory.doCreateBean(AbstractAutowireCapableBeanFactory.java:601) ~[spring-beans-6.1.1.jar:6.1.1]
	at org.springframework.beans.factory.support.AbstractAutowireCapableBeanFactory.createBean(AbstractAutowireCapableBeanFactory.java:523) ~[spring-beans-6.1.1.jar:6.1.1]
	at org.springframework.beans.factory.support.AbstractBeanFactory.lambda$doGetBean$0(AbstractBeanFactory.java:325) ~[spring-beans-6.1.1.jar:6.1.1]
	at org.springframework.beans.factory.support.DefaultSingletonBeanRegistry.getSingleton(DefaultSingletonBeanRegistry.java:234) ~[spring-beans-6.1.1.jar:6.1.1]
	at org.springframework.beans.factory.support.AbstractBeanFactory.doGetBean(AbstractBeanFactory.java:323) ~[spring-beans-6.1.1.jar:6.1.1]
	at org.springframework.beans.factory.support.AbstractBeanFactory.getBean(AbstractBeanFactory.java:199) ~[spring-beans-6.1.1.jar:6.1.1]
	at org.springframework.beans.factory.support.AbstractBeanFactory.doGetBean(AbstractBeanFactory.java:312) ~[spring-beans-6.1.1.jar:6.1.1]
	at org.springframework.beans.factory.support.AbstractBeanFactory.getBean(AbstractBeanFactory.java:199) ~[spring-beans-6.1.1.jar:6.1.1]
	at org.springframework.context.support.AbstractApplicationContext.getBean(AbstractApplicationContext.java:1173) ~[spring-context-6.1.1.jar:6.1.1]
	at org.springframework.context.support.AbstractApplicationContext.finishBeanFactoryInitialization(AbstractApplicationContext.java:936) ~[spring-context-6.1.1.jar:6.1.1]
	at org.springframework.context.support.AbstractApplicationContext.refresh(AbstractApplicationContext.java:616) ~[spring-context-6.1.1.jar:6.1.1]
	at org.springframework.boot.web.servlet.context.ServletWebServerApplicationContext.refresh(ServletWebServerApplicationContext.java:146) ~[spring-boot-3.2.0.jar:3.2.0]
	at org.springframework.boot.SpringApplication.refresh(SpringApplication.java:753) ~[spring-boot-3.2.0.jar:3.2.0]
	at org.springframework.boot.SpringApplication.refreshContext(SpringApplication.java:455) ~[spring-boot-3.2.0.jar:3.2.0]
	at org.springframework.boot.SpringApplication.run(SpringApplication.java:323) ~[spring-boot-3.2.0.jar:3.2.0]
	at org.springframework.boot.SpringApplication.run(SpringApplication.java:1342) ~[spring-boot-3.2.0.jar:3.2.0]
	at org.springframework.boot.SpringApplication.run(SpringApplication.java:1331) ~[spring-boot-3.2.0.jar:3.2.0]
	at com.microservices.catalog.CatalogServiceApplication.main(CatalogServiceApplication.java:14) ~[classes/:na]
Caused by: org.springframework.jdbc.datasource.init.ScriptStatementFailedException: Failed to execute SQL script statement #1 of file [/home/alex/Documents/apuntes_extra/microServices/catalog-service/target/classes/data.sql]: INSERT INTO products (name, description, price, stock, category, image_url, active) VALUES ('Laptop Dell XPS 13', 'Ultrabook potente y ligero con pantalla 13.3 pulgadas', 1299.99, 10, 'Electronics', 'https://example.com/laptop.jpg', true), ('iPhone 14 Pro', 'Smartphone premium con cámara profesional', 999.99, 15, 'Electronics', 'https://example.com/iphone.jpg', true), ('Auriculares Sony WH-1000XM4', 'Auriculares inalámbricos con cancelación de ruido', 349.99, 20, 'Electronics', 'https://example.com/headphones.jpg', true), ('Camiseta Nike Dri-FIT', 'Camiseta deportiva de alta calidad', 29.99, 50, 'Clothing', 'https://example.com/tshirt.jpg', true), ('Zapatillas Adidas Ultraboost', 'Zapatillas de running profesionales', 179.99, 30, 'Footwear', 'https://example.com/shoes.jpg', true), ('Libro "Clean Code"', 'Guía esencial para desarrolladores de software', 39.99, 25, 'Books', 'https://example.com/book.jpg', true), ('Cafetera Nespresso', 'Cafetera automática para café espresso', 199.99, 12, 'Home', 'https://example.com/coffee.jpg', true), ('Monitor Samsung 27"', 'Monitor 4K para gaming y productividad', 399.99, 8, 'Electronics', 'https://example.com/monitor.jpg', true), ('Teclado Mecánico Corsair', 'Teclado gaming con switches mecánicos', 149.99, 18, 'Electronics', 'https://example.com/keyboard.jpg', true), ('Mochila de Viaje', 'Mochila resistente para aventuras', 79.99, 35, 'Travel', 'https://example.com/backpack.jpg', true)
	at org.springframework.jdbc.datasource.init.ScriptUtils.executeSqlScript(ScriptUtils.java:282) ~[spring-jdbc-6.1.1.jar:6.1.1]
	at org.springframework.jdbc.datasource.init.ResourceDatabasePopulator.populate(ResourceDatabasePopulator.java:254) ~[spring-jdbc-6.1.1.jar:6.1.1]
	at org.springframework.jdbc.datasource.init.DatabasePopulatorUtils.execute(DatabasePopulatorUtils.java:54) ~[spring-jdbc-6.1.1.jar:6.1.1]
	at org.springframework.boot.jdbc.init.DataSourceScriptDatabaseInitializer.runScripts(DataSourceScriptDatabaseInitializer.java:87) ~[spring-boot-3.2.0.jar:3.2.0]
	at org.springframework.boot.sql.init.AbstractScriptDatabaseInitializer.runScripts(AbstractScriptDatabaseInitializer.java:146) ~[spring-boot-3.2.0.jar:3.2.0]
	at org.springframework.boot.sql.init.AbstractScriptDatabaseInitializer.applyScripts(AbstractScriptDatabaseInitializer.java:108) ~[spring-boot-3.2.0.jar:3.2.0]
	at org.springframework.boot.sql.init.AbstractScriptDatabaseInitializer.applyDataScripts(AbstractScriptDatabaseInitializer.java:102) ~[spring-boot-3.2.0.jar:3.2.0]
	at org.springframework.boot.sql.init.AbstractScriptDatabaseInitializer.initializeDatabase(AbstractScriptDatabaseInitializer.java:77) ~[spring-boot-3.2.0.jar:3.2.0]
	at org.springframework.boot.sql.init.AbstractScriptDatabaseInitializer.afterPropertiesSet(AbstractScriptDatabaseInitializer.java:66) ~[spring-boot-3.2.0.jar:3.2.0]
	at org.springframework.beans.factory.support.AbstractAutowireCapableBeanFactory.invokeInitMethods(AbstractAutowireCapableBeanFactory.java:1822) ~[spring-beans-6.1.1.jar:6.1.1]
	at org.springframework.beans.factory.support.AbstractAutowireCapableBeanFactory.initializeBean(AbstractAutowireCapableBeanFactory.java:1771) ~[spring-beans-6.1.1.jar:6.1.1]
	... 18 common frames omitted
Caused by: org.h2.jdbc.JdbcSQLSyntaxErrorException: Table "PRODUCTS" not found (this database is empty); SQL statement:
INSERT INTO products (name, description, price, stock, category, image_url, active) VALUES ('Laptop Dell XPS 13', 'Ultrabook potente y ligero con pantalla 13.3 pulgadas', 1299.99, 10, 'Electronics', 'https://example.com/laptop.jpg', true), ('iPhone 14 Pro', 'Smartphone premium con cámara profesional', 999.99, 15, 'Electronics', 'https://example.com/iphone.jpg', true), ('Auriculares Sony WH-1000XM4', 'Auriculares inalámbricos con cancelación de ruido', 349.99, 20, 'Electronics', 'https://example.com/headphones.jpg', true), ('Camiseta Nike Dri-FIT', 'Camiseta deportiva de alta calidad', 29.99, 50, 'Clothing', 'https://example.com/tshirt.jpg', true), ('Zapatillas Adidas Ultraboost', 'Zapatillas de running profesionales', 179.99, 30, 'Footwear', 'https://example.com/shoes.jpg', true), ('Libro "Clean Code"', 'Guía esencial para desarrolladores de software', 39.99, 25, 'Books', 'https://example.com/book.jpg', true), ('Cafetera Nespresso', 'Cafetera automática para café espresso', 199.99, 12, 'Home', 'https://example.com/coffee.jpg', true), ('Monitor Samsung 27"', 'Monitor 4K para gaming y productividad', 399.99, 8, 'Electronics', 'https://example.com/monitor.jpg', true), ('Teclado Mecánico Corsair', 'Teclado gaming con switches mecánicos', 149.99, 18, 'Electronics', 'https://example.com/keyboard.jpg', true), ('Mochila de Viaje', 'Mochila resistente para aventuras', 79.99, 35, 'Travel', 'https://example.com/backpack.jpg', true) [42104-224]
	at org.h2.message.DbException.getJdbcSQLException(DbException.java:514) ~[h2-2.2.224.jar:2.2.224]
	at org.h2.message.DbException.getJdbcSQLException(DbException.java:489) ~[h2-2.2.224.jar:2.2.224]
	at org.h2.message.DbException.get(DbException.java:223) ~[h2-2.2.224.jar:2.2.224]
	at org.h2.message.DbException.get(DbException.java:199) ~[h2-2.2.224.jar:2.2.224]
	at org.h2.command.Parser.getTableOrViewNotFoundDbException(Parser.java:8051) ~[h2-2.2.224.jar:2.2.224]
	at org.h2.command.Parser.getTableOrViewNotFoundDbException(Parser.java:8035) ~[h2-2.2.224.jar:2.2.224]
	at org.h2.command.Parser.readTableOrView(Parser.java:8024) ~[h2-2.2.224.jar:2.2.224]
	at org.h2.command.Parser.readTableOrView(Parser.java:7990) ~[h2-2.2.224.jar:2.2.224]
	at org.h2.command.Parser.parseInsert(Parser.java:1540) ~[h2-2.2.224.jar:2.2.224]
	at org.h2.command.Parser.parsePrepared(Parser.java:719) ~[h2-2.2.224.jar:2.2.224]
	at org.h2.command.Parser.parse(Parser.java:592) ~[h2-2.2.224.jar:2.2.224]
	at org.h2.command.Parser.parse(Parser.java:564) ~[h2-2.2.224.jar:2.2.224]
	at org.h2.command.Parser.prepareCommand(Parser.java:483) ~[h2-2.2.224.jar:2.2.224]
	at org.h2.engine.SessionLocal.prepareLocal(SessionLocal.java:639) ~[h2-2.2.224.jar:2.2.224]
	at org.h2.engine.SessionLocal.prepareCommand(SessionLocal.java:559) ~[h2-2.2.224.jar:2.2.224]
	at org.h2.jdbc.JdbcConnection.prepareCommand(JdbcConnection.java:1166) ~[h2-2.2.224.jar:2.2.224]
	at org.h2.jdbc.JdbcStatement.executeInternal(JdbcStatement.java:245) ~[h2-2.2.224.jar:2.2.224]
	at org.h2.jdbc.JdbcStatement.execute(JdbcStatement.java:231) ~[h2-2.2.224.jar:2.2.224]
	at com.zaxxer.hikari.pool.ProxyStatement.execute(ProxyStatement.java:94) ~[HikariCP-5.0.1.jar:na]
	at com.zaxxer.hikari.pool.HikariProxyStatement.execute(HikariProxyStatement.java) ~[HikariCP-5.0.1.jar:na]
	at org.springframework.jdbc.datasource.init.ScriptUtils.executeSqlScript(ScriptUtils.java:261) ~[spring-jdbc-6.1.1.jar:6.1.1]
	... 28 common frames omitted

[[1;34mINFO[m] [1m------------------------------------------------------------------------[m
[[1;34mINFO[m] [1;31mBUILD FAILURE[m
[[1;34mINFO[m] [1m------------------------------------------------------------------------[m
[[1;34mINFO[m] Total time:  3.321 s
[[1;34mINFO[m] Finished at: 2025-12-11T20:54:49+01:00
[[1;34mINFO[m] [1m------------------------------------------------------------------------[m
[[1;31mERROR[m] Failed to execute goal [32morg.springframework.boot:spring-boot-maven-plugin:3.2.0:run[m [1m(default-cli)[m on project [36mcatalog-service[m: [1;31mProcess terminated with exit code: 1[m -> [1m[Help 1][m
[[1;31mERROR[m] 
[[1;31mERROR[m] To see the full stack trace of the errors, re-run Maven with the [1m-e[m switch.
[[1;31mERROR[m] Re-run Maven using the [1m-X[m switch to enable full debug logging.
[[1;31mERROR[m] 
[[1;31mERROR[m] For more information about the errors and possible solutions, please read the following articles:
[[1;31mERROR[m] [1m[Help 1][m http://cwiki.apache.org/confluence/display/MAVEN/MojoExecutionException
[0m[0m