[[1;34mINFO[m] Scanning for projects...
[[1;34mINFO[m] 
[[1;34mINFO[m] [1m-------------------< [0;36mcom.microservices:log-service[0;1m >--------------------[m
[[1;34mINFO[m] [1mBuilding Log Service 1.0.0[m
[[1;34mINFO[m] [1m--------------------------------[ jar ]---------------------------------[m
[[1;34mINFO[m] 
[[1;34mINFO[m] [1m>>> [0;32mspring-boot-maven-plugin:3.2.0:run[m [1m(default-cli)[0;1m > [0;1mtest-compile[m @ [36mlog-service[0;1m >>>[m
[[1;34mINFO[m] 
[[1;34mINFO[m] [1m--- [0;32mmaven-resources-plugin:3.3.1:resources[m [1m(default-resources)[m @ [36mlog-service[0;1m ---[m
[[1;34mINFO[m] Copying 1 resource from src/main/resources to target/classes
[[1;34mINFO[m] Copying 0 resource from src/main/resources to target/classes
[[1;34mINFO[m] 
[[1;34mINFO[m] [1m--- [0;32mmaven-compiler-plugin:3.11.0:compile[m [1m(default-compile)[m @ [36mlog-service[0;1m ---[m
[[1;34mINFO[m] Nothing to compile - all classes are up to date
[[1;34mINFO[m] 
[[1;34mINFO[m] [1m--- [0;32mmaven-resources-plugin:3.3.1:testResources[m [1m(default-testResources)[m @ [36mlog-service[0;1m ---[m
[[1;34mINFO[m] skip non existing resourceDirectory /home/alex/Documents/apuntes_extra/microServices/log-service/src/test/resources
[[1;34mINFO[m] 
[[1;34mINFO[m] [1m--- [0;32mmaven-compiler-plugin:3.11.0:testCompile[m [1m(default-testCompile)[m @ [36mlog-service[0;1m ---[m
[[1;34mINFO[m] No sources to compile
[[1;34mINFO[m] 
[[1;34mINFO[m] [1m<<< [0;32mspring-boot-maven-plugin:3.2.0:run[m [1m(default-cli)[0;1m < [0;1mtest-compile[m @ [36mlog-service[0;1m <<<[m
[[1;34mINFO[m] 
[[1;34mINFO[m] 
[[1;34mINFO[m] [1m--- [0;32mspring-boot-maven-plugin:3.2.0:run[m [1m(default-cli)[m @ [36mlog-service[0;1m ---[m
[[1;34mINFO[m] Attaching agents: []

  .   ____          _            __ _ _
 /\\ / ___'_ __ _ _(_)_ __  __ _ \ \ \ \
( ( )\___ | '_ | '_| | '_ \/ _` | \ \ \ \
 \\/  ___)| |_)| | | | | || (_| |  ) ) ) )
  '  |____| .__|_| |_|_| |_\__, | / / / /
 =========|_|==============|___/=/_/_/_/
 :: Spring Boot ::                (v3.2.0)

2025-12-11T20:55:07.982+01:00  INFO 32868 --- [log-service] [           main] c.m.log.LogServiceApplication            : Starting LogServiceApplication using Java 17.0.15 with PID 32868 (/home/alex/Documents/apuntes_extra/microServices/log-service/target/classes started by alex in /home/alex/Documents/apuntes_extra/microServices/log-service)
2025-12-11T20:55:07.983+01:00 DEBUG 32868 --- [log-service] [           main] c.m.log.LogServiceApplication            : Running with Spring Boot v3.2.0, Spring v6.1.1
2025-12-11T20:55:07.983+01:00  INFO 32868 --- [log-service] [           main] c.m.log.LogServiceApplication            : No active profile set, falling back to 1 default profile: "default"
2025-12-11T20:55:08.333+01:00  INFO 32868 --- [log-service] [           main] .s.d.r.c.RepositoryConfigurationDelegate : Bootstrapping Spring Data JPA repositories in DEFAULT mode.
2025-12-11T20:55:08.390+01:00  INFO 32868 --- [log-service] [           main] .s.d.r.c.RepositoryConfigurationDelegate : Finished Spring Data repository scanning in 54 ms. Found 1 JPA repository interface.
2025-12-11T20:55:08.476+01:00  INFO 32868 --- [log-service] [           main] o.s.cloud.context.scope.GenericScope     : BeanFactory id=b1120616-b106-3ef2-b4e4-abba6724b906
2025-12-11T20:55:08.605+01:00  WARN 32868 --- [log-service] [           main] trationDelegate$BeanPostProcessorChecker : Bean 'org.springframework.cloud.client.loadbalancer.LoadBalancerAutoConfiguration$LoadBalancerInterceptorConfig' of type [org.springframework.cloud.client.loadbalancer.LoadBalancerAutoConfiguration$LoadBalancerInterceptorConfig] is not eligible for getting processed by all BeanPostProcessors (for example: not eligible for auto-proxying). The currently created BeanPostProcessor [lbRestClientPostProcessor] is declared through a non-static factory method on that class; consider declaring it as static instead.
2025-12-11T20:55:08.607+01:00  WARN 32868 --- [log-service] [           main] trationDelegate$BeanPostProcessorChecker : Bean 'org.springframework.cloud.loadbalancer.config.BlockingLoadBalancerClientAutoConfiguration' of type [org.springframework.cloud.loadbalancer.config.BlockingLoadBalancerClientAutoConfiguration] is not eligible for getting processed by all BeanPostProcessors (for example: not eligible for auto-proxying). Is this bean getting eagerly injected into a currently created BeanPostProcessor [lbRestClientPostProcessor]? Check the corresponding BeanPostProcessor declaration and its dependencies.
2025-12-11T20:55:08.608+01:00  WARN 32868 --- [log-service] [           main] trationDelegate$BeanPostProcessorChecker : Bean 'org.springframework.cloud.loadbalancer.config.LoadBalancerAutoConfiguration' of type [org.springframework.cloud.loadbalancer.config.LoadBalancerAutoConfiguration] is not eligible for getting processed by all BeanPostProcessors (for example: not eligible for auto-proxying). Is this bean getting eagerly injected into a currently created BeanPostProcessor [lbRestClientPostProcessor]? Check the corresponding BeanPostProcessor declaration and its dependencies.
2025-12-11T20:55:08.612+01:00  WARN 32868 --- [log-service] [           main] trationDelegate$BeanPostProcessorChecker : Bean 'org.springframework.cloud.commons.config.CommonsConfigAutoConfiguration' of type [org.springframework.cloud.commons.config.CommonsConfigAutoConfiguration] is not eligible for getting processed by all BeanPostProcessors (for example: not eligible for auto-proxying). Is this bean getting eagerly injected into a currently created BeanPostProcessor [lbRestClientPostProcessor]? Check the corresponding BeanPostProcessor declaration and its dependencies.
2025-12-11T20:55:08.613+01:00  WARN 32868 --- [log-service] [           main] trationDelegate$BeanPostProcessorChecker : Bean 'org.springframework.cloud.client.loadbalancer.LoadBalancerDefaultMappingsProviderAutoConfiguration' of type [org.springframework.cloud.client.loadbalancer.LoadBalancerDefaultMappingsProviderAutoConfiguration] is not eligible for getting processed by all BeanPostProcessors (for example: not eligible for auto-proxying). Is this bean getting eagerly injected into a currently created BeanPostProcessor [lbRestClientPostProcessor]? Check the corresponding BeanPostProcessor declaration and its dependencies.
2025-12-11T20:55:08.614+01:00  WARN 32868 --- [log-service] [           main] trationDelegate$BeanPostProcessorChecker : Bean 'loadBalancerClientsDefaultsMappingsProvider' of type [org.springframework.cloud.client.loadbalancer.LoadBalancerDefaultMappingsProviderAutoConfiguration$$Lambda$601/0x00007f38b8486a10] is not eligible for getting processed by all BeanPostProcessors (for example: not eligible for auto-proxying). Is this bean getting eagerly injected into a currently created BeanPostProcessor [lbRestClientPostProcessor]? Check the corresponding BeanPostProcessor declaration and its dependencies.
2025-12-11T20:55:08.615+01:00  WARN 32868 --- [log-service] [           main] trationDelegate$BeanPostProcessorChecker : Bean 'defaultsBindHandlerAdvisor' of type [org.springframework.cloud.commons.config.DefaultsBindHandlerAdvisor] is not eligible for getting processed by all BeanPostProcessors (for example: not eligible for auto-proxying). Is this bean getting eagerly injected into a currently created BeanPostProcessor [lbRestClientPostProcessor]? Check the corresponding BeanPostProcessor declaration and its dependencies.
2025-12-11T20:55:08.618+01:00  WARN 32868 --- [log-service] [           main] trationDelegate$BeanPostProcessorChecker : Bean 'spring.cloud.loadbalancer-org.springframework.cloud.client.loadbalancer.LoadBalancerClientsProperties' of type [org.springframework.cloud.client.loadbalancer.LoadBalancerClientsProperties] is not eligible for getting processed by all BeanPostProcessors (for example: not eligible for auto-proxying). Is this bean getting eagerly injected into a currently created BeanPostProcessor [lbRestClientPostProcessor]? Check the corresponding BeanPostProcessor declaration and its dependencies.
2025-12-11T20:55:08.621+01:00  WARN 32868 --- [log-service] [           main] trationDelegate$BeanPostProcessorChecker : Bean 'default.org.springframework.cloud.loadbalancer.config.LoadBalancerAutoConfiguration.LoadBalancerClientSpecification' of type [org.springframework.cloud.loadbalancer.annotation.LoadBalancerClientSpecification] is not eligible for getting processed by all BeanPostProcessors (for example: not eligible for auto-proxying). Is this bean getting eagerly injected into a currently created BeanPostProcessor [lbRestClientPostProcessor]? Check the corresponding BeanPostProcessor declaration and its dependencies.
2025-12-11T20:55:08.622+01:00  WARN 32868 --- [log-service] [           main] trationDelegate$BeanPostProcessorChecker : Bean 'default.org.springframework.cloud.loadbalancer.config.BlockingLoadBalancerClientAutoConfiguration.LoadBalancerClientSpecification' of type [org.springframework.cloud.loadbalancer.annotation.LoadBalancerClientSpecification] is not eligible for getting processed by all BeanPostProcessors (for example: not eligible for auto-proxying). Is this bean getting eagerly injected into a currently created BeanPostProcessor [lbRestClientPostProcessor]? Check the corresponding BeanPostProcessor declaration and its dependencies.
2025-12-11T20:55:08.622+01:00  WARN 32868 --- [log-service] [           main] trationDelegate$BeanPostProcessorChecker : Bean 'default.org.springframework.cloud.netflix.eureka.loadbalancer.LoadBalancerEurekaAutoConfiguration.LoadBalancerClientSpecification' of type [org.springframework.cloud.loadbalancer.annotation.LoadBalancerClientSpecification] is not eligible for getting processed by all BeanPostProcessors (for example: not eligible for auto-proxying). Is this bean getting eagerly injected into a currently created BeanPostProcessor [lbRestClientPostProcessor]? Check the corresponding BeanPostProcessor declaration and its dependencies.
2025-12-11T20:55:08.623+01:00  WARN 32868 --- [log-service] [           main] trationDelegate$BeanPostProcessorChecker : Bean 'loadBalancerClientFactory' of type [org.springframework.cloud.loadbalancer.support.LoadBalancerClientFactory] is not eligible for getting processed by all BeanPostProcessors (for example: not eligible for auto-proxying). Is this bean getting eagerly injected into a currently created BeanPostProcessor [lbRestClientPostProcessor]? Check the corresponding BeanPostProcessor declaration and its dependencies.
2025-12-11T20:55:08.626+01:00  WARN 32868 --- [log-service] [           main] trationDelegate$BeanPostProcessorChecker : Bean 'blockingLoadBalancerClient' of type [org.springframework.cloud.loadbalancer.blocking.client.BlockingLoadBalancerClient] is not eligible for getting processed by all BeanPostProcessors (for example: not eligible for auto-proxying). Is this bean getting eagerly injected into a currently created BeanPostProcessor [lbRestClientPostProcessor]? Check the corresponding BeanPostProcessor declaration and its dependencies.
2025-12-11T20:55:08.630+01:00  WARN 32868 --- [log-service] [           main] trationDelegate$BeanPostProcessorChecker : Bean 'loadBalancerServiceInstanceCookieTransformer' of type [org.springframework.cloud.loadbalancer.core.LoadBalancerServiceInstanceCookieTransformer] is not eligible for getting processed by all BeanPostProcessors (for example: not eligible for auto-proxying). Is this bean getting eagerly injected into a currently created BeanPostProcessor [lbRestClientPostProcessor]? Check the corresponding BeanPostProcessor declaration and its dependencies.
2025-12-11T20:55:08.631+01:00  WARN 32868 --- [log-service] [           main] trationDelegate$BeanPostProcessorChecker : Bean 'xForwarderHeadersTransformer' of type [org.springframework.cloud.loadbalancer.blocking.XForwardedHeadersTransformer] is not eligible for getting processed by all BeanPostProcessors (for example: not eligible for auto-proxying). Is this bean getting eagerly injected into a currently created BeanPostProcessor [lbRestClientPostProcessor]? Check the corresponding BeanPostProcessor declaration and its dependencies.
2025-12-11T20:55:08.631+01:00  WARN 32868 --- [log-service] [           main] trationDelegate$BeanPostProcessorChecker : Bean 'org.springframework.cloud.client.loadbalancer.LoadBalancerAutoConfiguration' of type [org.springframework.cloud.client.loadbalancer.LoadBalancerAutoConfiguration] is not eligible for getting processed by all BeanPostProcessors (for example: not eligible for auto-proxying). Is this bean getting eagerly injected into a currently created BeanPostProcessor [lbRestClientPostProcessor]? Check the corresponding BeanPostProcessor declaration and its dependencies.
2025-12-11T20:55:08.632+01:00  WARN 32868 --- [log-service] [           main] trationDelegate$BeanPostProcessorChecker : Bean 'loadBalancerRequestFactory' of type [org.springframework.cloud.client.loadbalancer.LoadBalancerRequestFactory] is not eligible for getting processed by all BeanPostProcessors (for example: not eligible for auto-proxying). Is this bean getting eagerly injected into a currently created BeanPostProcessor [lbRestClientPostProcessor]? Check the corresponding BeanPostProcessor declaration and its dependencies.
2025-12-11T20:55:08.633+01:00  WARN 32868 --- [log-service] [           main] trationDelegate$BeanPostProcessorChecker : Bean 'loadBalancerInterceptor' of type [org.springframework.cloud.client.loadbalancer.LoadBalancerInterceptor] is not eligible for getting processed by all BeanPostProcessors (for example: not eligible for auto-proxying). Is this bean getting eagerly injected into a currently created BeanPostProcessor [lbRestClientPostProcessor]? Check the corresponding BeanPostProcessor declaration and its dependencies.
2025-12-11T20:55:08.734+01:00  INFO 32868 --- [log-service] [           main] o.s.b.w.embedded.tomcat.TomcatWebServer  : Tomcat initialized with port 8083 (http)
2025-12-11T20:55:08.738+01:00  INFO 32868 --- [log-service] [           main] o.apache.catalina.core.StandardService   : Starting service [Tomcat]
2025-12-11T20:55:08.738+01:00  INFO 32868 --- [log-service] [           main] o.apache.catalina.core.StandardEngine    : Starting Servlet engine: [Apache Tomcat/10.1.16]
2025-12-11T20:55:08.762+01:00  INFO 32868 --- [log-service] [           main] o.a.c.c.C.[Tomcat].[localhost].[/]       : Initializing Spring embedded WebApplicationContext
2025-12-11T20:55:08.763+01:00  INFO 32868 --- [log-service] [           main] w.s.c.ServletWebServerApplicationContext : Root WebApplicationContext: initialization completed in 763 ms
2025-12-11T20:55:08.828+01:00  INFO 32868 --- [log-service] [           main] com.zaxxer.hikari.HikariDataSource       : HikariPool-1 - Starting...
2025-12-11T20:55:08.917+01:00  INFO 32868 --- [log-service] [           main] com.zaxxer.hikari.pool.HikariPool        : HikariPool-1 - Added connection conn0: url=jdbc:h2:mem:logdb user=SA
2025-12-11T20:55:08.918+01:00  INFO 32868 --- [log-service] [           main] com.zaxxer.hikari.HikariDataSource       : HikariPool-1 - Start completed.
2025-12-11T20:55:08.923+01:00  INFO 32868 --- [log-service] [           main] o.s.b.a.h2.H2ConsoleAutoConfiguration    : H2 console available at '/h2-console'. Database available at 'jdbc:h2:mem:logdb'
2025-12-11T20:55:09.020+01:00  INFO 32868 --- [log-service] [           main] o.hibernate.jpa.internal.util.LogHelper  : HHH000204: Processing PersistenceUnitInfo [name: default]
2025-12-11T20:55:09.039+01:00  INFO 32868 --- [log-service] [           main] org.hibernate.Version                    : HHH000412: Hibernate ORM core version 6.3.1.Final
2025-12-11T20:55:09.052+01:00  INFO 32868 --- [log-service] [           main] o.h.c.internal.RegionFactoryInitiator    : HHH000026: Second-level cache disabled
2025-12-11T20:55:09.134+01:00  INFO 32868 --- [log-service] [           main] o.s.o.j.p.SpringPersistenceUnitInfo      : No LoadTimeWeaver setup: ignoring JPA class transformer
2025-12-11T20:55:09.150+01:00  WARN 32868 --- [log-service] [           main] org.hibernate.orm.deprecation            : HHH90000025: H2Dialect does not need to be specified explicitly using 'hibernate.dialect' (remove the property setting and it will be selected by default)
2025-12-11T20:55:09.457+01:00  INFO 32868 --- [log-service] [           main] o.h.e.t.j.p.i.JtaPlatformInitiator       : HHH000489: No JTA platform available (set 'hibernate.transaction.jta.platform' to enable JTA platform integration)
Hibernate: drop table if exists application_logs cascade 
Hibernate: create table application_logs (id bigint generated by default as identity, timestamp timestamp(6) not null, class_name varchar(100), correlation_id varchar(100), method_name varchar(100), user_id varchar(100), exception varchar(2000), message varchar(5000) not null, level varchar(255) not null check (level in ('TRACE','DEBUG','INFO','WARN','ERROR','FATAL')), service_name varchar(255) not null, primary key (id))
2025-12-11T20:55:09.474+01:00  INFO 32868 --- [log-service] [           main] j.LocalContainerEntityManagerFactoryBean : Initialized JPA EntityManagerFactory for persistence unit 'default'
2025-12-11T20:55:09.652+01:00  INFO 32868 --- [log-service] [           main] o.s.d.j.r.query.QueryEnhancerFactory     : Hibernate is in classpath; If applicable, HQL parser will be used.
2025-12-11T20:55:09.817+01:00  WARN 32868 --- [log-service] [           main] JpaBaseConfiguration$JpaWebConfiguration : spring.jpa.open-in-view is enabled by default. Therefore, database queries may be performed during view rendering. Explicitly configure spring.jpa.open-in-view to disable this warning
2025-12-11T20:55:11.029+01:00  INFO 32868 --- [log-service] [           main] o.s.cloud.commons.util.InetUtils         : Cannot determine local hostname
2025-12-11T20:55:12.197+01:00  INFO 32868 --- [log-service] [           main] o.s.cloud.commons.util.InetUtils         : Cannot determine local hostname
2025-12-11T20:55:12.209+01:00  INFO 32868 --- [log-service] [           main] DiscoveryClientOptionalArgsConfiguration : Eureka HTTP Client uses RestTemplate.
2025-12-11T20:55:12.230+01:00  WARN 32868 --- [log-service] [           main] iguration$LoadBalancerCaffeineWarnLogger : Spring Cloud LoadBalancer is currently working with the default cache. While this cache implementation is useful for development and tests, it's recommended to use Caffeine cache in production.You can switch to using Caffeine cache, by adding it and org.springframework.cache.caffeine.CaffeineCacheManager to the classpath.
2025-12-11T20:55:12.235+01:00  INFO 32868 --- [log-service] [           main] o.s.b.a.e.web.EndpointLinksResolver      : Exposing 3 endpoint(s) beneath base path '/actuator'
2025-12-11T20:55:12.275+01:00  INFO 32868 --- [log-service] [           main] o.s.c.n.eureka.InstanceInfoFactory       : Setting initial instance status as: STARTING
2025-12-11T20:55:12.307+01:00  INFO 32868 --- [log-service] [           main] com.netflix.discovery.DiscoveryClient    : Initializing Eureka in region us-east-1
2025-12-11T20:55:12.310+01:00  INFO 32868 --- [log-service] [           main] c.n.d.s.r.aws.ConfigClusterResolver      : Resolving eureka endpoints via configuration
2025-12-11T20:55:12.319+01:00  INFO 32868 --- [log-service] [           main] com.netflix.discovery.DiscoveryClient    : Disable delta property : false
2025-12-11T20:55:12.320+01:00  INFO 32868 --- [log-service] [           main] com.netflix.discovery.DiscoveryClient    : Single vip registry refresh property : null
2025-12-11T20:55:12.320+01:00  INFO 32868 --- [log-service] [           main] com.netflix.discovery.DiscoveryClient    : Force full registry fetch : false
2025-12-11T20:55:12.320+01:00  INFO 32868 --- [log-service] [           main] com.netflix.discovery.DiscoveryClient    : Application is null : false
2025-12-11T20:55:12.320+01:00  INFO 32868 --- [log-service] [           main] com.netflix.discovery.DiscoveryClient    : Registered Applications size is zero : true
2025-12-11T20:55:12.320+01:00  INFO 32868 --- [log-service] [           main] com.netflix.discovery.DiscoveryClient    : Application version is -1: true
2025-12-11T20:55:12.320+01:00  INFO 32868 --- [log-service] [           main] com.netflix.discovery.DiscoveryClient    : Getting all instance registry info from the eureka server
2025-12-11T20:55:12.475+01:00  INFO 32868 --- [log-service] [           main] com.netflix.discovery.DiscoveryClient    : The response status is 200
2025-12-11T20:55:12.477+01:00  INFO 32868 --- [log-service] [           main] com.netflix.discovery.DiscoveryClient    : Starting heartbeat executor: renew interval is: 30
2025-12-11T20:55:12.478+01:00  INFO 32868 --- [log-service] [           main] c.n.discovery.InstanceInfoReplicator     : InstanceInfoReplicator onDemand update allowed rate per min is 4
2025-12-11T20:55:12.480+01:00  INFO 32868 --- [log-service] [           main] com.netflix.discovery.DiscoveryClient    : Discovery Client initialized at timestamp 1765482912480 with initial instances count: 1
2025-12-11T20:55:12.484+01:00  INFO 32868 --- [log-service] [           main] o.s.c.n.e.s.EurekaServiceRegistry        : Registering application LOG-SERVICE with eureka with status UP
2025-12-11T20:55:12.484+01:00  INFO 32868 --- [log-service] [           main] com.netflix.discovery.DiscoveryClient    : Saw local status change event StatusChangeEvent [timestamp=1765482912484, current=UP, previous=STARTING]
2025-12-11T20:55:12.485+01:00  INFO 32868 --- [log-service] [nfoReplicator-0] com.netflix.discovery.DiscoveryClient    : DiscoveryClient_LOG-SERVICE/localhost:log-service:8083: registering service...
2025-12-11T20:55:12.492+01:00  INFO 32868 --- [log-service] [           main] o.s.b.w.embedded.tomcat.TomcatWebServer  : Tomcat started on port 8083 (http) with context path ''
2025-12-11T20:55:12.492+01:00  INFO 32868 --- [log-service] [           main] .s.c.n.e.s.EurekaAutoServiceRegistration : Updating port to 8083
2025-12-11T20:55:12.502+01:00  INFO 32868 --- [log-service] [nfoReplicator-0] com.netflix.discovery.DiscoveryClient    : DiscoveryClient_LOG-SERVICE/localhost:log-service:8083 - registration status: 204
2025-12-11T20:55:13.493+01:00  INFO 32868 --- [log-service] [           main] o.s.cloud.commons.util.InetUtils         : Cannot determine local hostname
2025-12-11T20:55:13.508+01:00  INFO 32868 --- [log-service] [           main] c.m.log.LogServiceApplication            : Started LogServiceApplication in 6.711 seconds (process running for 6.84)
[0m[0m2025-12-11T20:56:22.104+01:00  INFO 32868 --- [log-service] [ionShutdownHook] o.s.c.n.e.s.EurekaServiceRegistry        : Unregistering application LOG-SERVICE with eureka with status DOWN
2025-12-11T20:56:22.104+01:00  INFO 32868 --- [log-service] [ionShutdownHook] com.netflix.discovery.DiscoveryClient    : Saw local status change event StatusChangeEvent [timestamp=1765482982104, current=DOWN, previous=UP]
2025-12-11T20:56:22.104+01:00  INFO 32868 --- [log-service] [nfoReplicator-0] com.netflix.discovery.DiscoveryClient    : DiscoveryClient_LOG-SERVICE/localhost:log-service:8083: registering service...
2025-12-11T20:56:22.110+01:00  INFO 32868 --- [log-service] [nfoReplicator-0] com.netflix.discovery.DiscoveryClient    : DiscoveryClient_LOG-SERVICE/localhost:log-service:8083 - registration status: 204
2025-12-11T20:56:22.111+01:00  INFO 32868 --- [log-service] [ionShutdownHook] j.LocalContainerEntityManagerFactoryBean : Closing JPA EntityManagerFactory for persistence unit 'default'
Hibernate: drop table if exists application_logs cascade 
2025-12-11T20:56:22.113+01:00  INFO 32868 --- [log-service] [ionShutdownHook] com.zaxxer.hikari.HikariDataSource       : HikariPool-1 - Shutdown initiated...
2025-12-11T20:56:22.114+01:00  INFO 32868 --- [log-service] [ionShutdownHook] com.zaxxer.hikari.HikariDataSource       : HikariPool-1 - Shutdown completed.
2025-12-11T20:56:22.115+01:00  INFO 32868 --- [log-service] [ionShutdownHook] com.netflix.discovery.DiscoveryClient    : Shutting down DiscoveryClient ...
2025-12-11T20:56:25.116+01:00  INFO 32868 --- [log-service] [ionShutdownHook] com.netflix.discovery.DiscoveryClient    : Unregistering ...
2025-12-11T20:56:25.122+01:00  INFO 32868 --- [log-service] [ionShutdownHook] com.netflix.discovery.DiscoveryClient    : DiscoveryClient_LOG-SERVICE/localhost:log-service:8083 - deregister  status: 200
2025-12-11T20:56:25.125+01:00  INFO 32868 --- [log-service] [ionShutdownHook] com.netflix.discovery.DiscoveryClient    : Completed shut down of DiscoveryClient
